
*** Running vivado
    with args -log miniRV_SoC.vds -m64 -product Vivado -mode batch -messageDb vivado.pb -notrace -source miniRV_SoC.tcl


****** Vivado v2019.2 (64-bit)
  **** SW Build 2708876 on Wed Nov  6 21:40:23 MST 2019
  **** IP Build 2700528 on Thu Nov  7 00:09:20 MST 2019
    ** Copyright 1986-2019 Xilinx, Inc. All Rights Reserved.

source miniRV_SoC.tcl -notrace
Command: synth_design -top miniRV_SoC -part xc7a100tfgg484-1
Starting synth_design
Attempting to get a license for feature 'Synthesis' and/or device 'xc7a100t'
INFO: [Common 17-349] Got license for feature 'Synthesis' and/or device 'xc7a100t'
INFO: [Device 21-403] Loading part xc7a100tfgg484-1
INFO: Launching helper process for spawning children vivado processes
INFO: Helper process launched with PID 18312 
---------------------------------------------------------------------------------
Starting RTL Elaboration : Time (s): cpu = 00:00:02 ; elapsed = 00:00:04 . Memory (MB): peak = 977.555 ; gain = 235.027
---------------------------------------------------------------------------------
INFO: [Synth 8-6157] synthesizing module 'miniRV_SoC' [D:/Study/2023-G2/labs/comp/proj_miniRV/proj_single_cycle/proj_single_cycle.srcs/sources_1/new/miniRV_SoC.v:5]
INFO: [Synth 8-6157] synthesizing module 'cpuclk' [D:/Study/2023-G2/labs/comp/proj_miniRV/proj_single_cycle/proj_single_cycle.runs/synth_1/.Xil/Vivado-2836-LAPTOP-L4Q8T7F0/realtime/cpuclk_stub.v:5]
INFO: [Synth 8-6155] done synthesizing module 'cpuclk' (1#1) [D:/Study/2023-G2/labs/comp/proj_miniRV/proj_single_cycle/proj_single_cycle.runs/synth_1/.Xil/Vivado-2836-LAPTOP-L4Q8T7F0/realtime/cpuclk_stub.v:5]
INFO: [Synth 8-6157] synthesizing module 'myCPU' [D:/Study/2023-G2/labs/comp/proj_miniRV/proj_single_cycle/proj_single_cycle.srcs/sources_1/new/myCPU.v:5]
INFO: [Synth 8-6157] synthesizing module 'PC' [D:/Study/2023-G2/labs/comp/proj_miniRV/proj_single_cycle/proj_single_cycle.srcs/sources_1/new/PC.v:1]
INFO: [Synth 8-6155] done synthesizing module 'PC' (2#1) [D:/Study/2023-G2/labs/comp/proj_miniRV/proj_single_cycle/proj_single_cycle.srcs/sources_1/new/PC.v:1]
INFO: [Synth 8-6157] synthesizing module 'NPC' [D:/Study/2023-G2/labs/comp/proj_miniRV/proj_single_cycle/proj_single_cycle.srcs/sources_1/new/NPC.v:1]
INFO: [Synth 8-6155] done synthesizing module 'NPC' (3#1) [D:/Study/2023-G2/labs/comp/proj_miniRV/proj_single_cycle/proj_single_cycle.srcs/sources_1/new/NPC.v:1]
INFO: [Synth 8-6157] synthesizing module 'RF' [D:/Study/2023-G2/labs/comp/proj_miniRV/proj_single_cycle/proj_single_cycle.srcs/sources_1/new/RF.v:1]
INFO: [Synth 8-6155] done synthesizing module 'RF' (4#1) [D:/Study/2023-G2/labs/comp/proj_miniRV/proj_single_cycle/proj_single_cycle.srcs/sources_1/new/RF.v:1]
INFO: [Synth 8-6157] synthesizing module 'SEXT' [D:/Study/2023-G2/labs/comp/proj_miniRV/proj_single_cycle/proj_single_cycle.srcs/sources_1/new/SEXT.v:1]
INFO: [Synth 8-6155] done synthesizing module 'SEXT' (5#1) [D:/Study/2023-G2/labs/comp/proj_miniRV/proj_single_cycle/proj_single_cycle.srcs/sources_1/new/SEXT.v:1]
INFO: [Synth 8-6157] synthesizing module 'ALU' [D:/Study/2023-G2/labs/comp/proj_miniRV/proj_single_cycle/proj_single_cycle.srcs/sources_1/new/ALU.v:1]
INFO: [Synth 8-6155] done synthesizing module 'ALU' (6#1) [D:/Study/2023-G2/labs/comp/proj_miniRV/proj_single_cycle/proj_single_cycle.srcs/sources_1/new/ALU.v:1]
INFO: [Synth 8-6157] synthesizing module 'Controller' [D:/Study/2023-G2/labs/comp/proj_miniRV/proj_single_cycle/proj_single_cycle.srcs/sources_1/new/Controller.v:1]
INFO: [Synth 8-6155] done synthesizing module 'Controller' (7#1) [D:/Study/2023-G2/labs/comp/proj_miniRV/proj_single_cycle/proj_single_cycle.srcs/sources_1/new/Controller.v:1]
INFO: [Synth 8-6155] done synthesizing module 'myCPU' (8#1) [D:/Study/2023-G2/labs/comp/proj_miniRV/proj_single_cycle/proj_single_cycle.srcs/sources_1/new/myCPU.v:5]
INFO: [Synth 8-6157] synthesizing module 'IROM' [D:/Study/2023-G2/labs/comp/proj_miniRV/proj_single_cycle/proj_single_cycle.runs/synth_1/.Xil/Vivado-2836-LAPTOP-L4Q8T7F0/realtime/IROM_stub.v:6]
INFO: [Synth 8-6155] done synthesizing module 'IROM' (9#1) [D:/Study/2023-G2/labs/comp/proj_miniRV/proj_single_cycle/proj_single_cycle.runs/synth_1/.Xil/Vivado-2836-LAPTOP-L4Q8T7F0/realtime/IROM_stub.v:6]
INFO: [Synth 8-6157] synthesizing module 'Bridge' [D:/Study/2023-G2/labs/comp/proj_miniRV/proj_single_cycle/proj_single_cycle.srcs/sources_1/new/Bridge.v:5]
INFO: [Synth 8-6155] done synthesizing module 'Bridge' (10#1) [D:/Study/2023-G2/labs/comp/proj_miniRV/proj_single_cycle/proj_single_cycle.srcs/sources_1/new/Bridge.v:5]
WARNING: [Synth 8-689] width (32) of port connection 'addr_to_dig' does not match port width (12) of module 'Bridge' [D:/Study/2023-G2/labs/comp/proj_miniRV/proj_single_cycle/proj_single_cycle.srcs/sources_1/new/miniRV_SoC.v:150]
WARNING: [Synth 8-689] width (32) of port connection 'addr_to_led' does not match port width (12) of module 'Bridge' [D:/Study/2023-G2/labs/comp/proj_miniRV/proj_single_cycle/proj_single_cycle.srcs/sources_1/new/miniRV_SoC.v:157]
WARNING: [Synth 8-689] width (32) of port connection 'addr_to_sw' does not match port width (12) of module 'Bridge' [D:/Study/2023-G2/labs/comp/proj_miniRV/proj_single_cycle/proj_single_cycle.srcs/sources_1/new/miniRV_SoC.v:164]
WARNING: [Synth 8-689] width (32) of port connection 'addr_to_btn' does not match port width (12) of module 'Bridge' [D:/Study/2023-G2/labs/comp/proj_miniRV/proj_single_cycle/proj_single_cycle.srcs/sources_1/new/miniRV_SoC.v:170]
INFO: [Synth 8-6157] synthesizing module 'DRAM' [D:/Study/2023-G2/labs/comp/proj_miniRV/proj_single_cycle/proj_single_cycle.runs/synth_1/.Xil/Vivado-2836-LAPTOP-L4Q8T7F0/realtime/DRAM_stub.v:6]
INFO: [Synth 8-6155] done synthesizing module 'DRAM' (11#1) [D:/Study/2023-G2/labs/comp/proj_miniRV/proj_single_cycle/proj_single_cycle.runs/synth_1/.Xil/Vivado-2836-LAPTOP-L4Q8T7F0/realtime/DRAM_stub.v:6]
INFO: [Synth 8-6157] synthesizing module 'digit_display' [D:/Study/2023-G2/labs/comp/proj_miniRV/proj_single_cycle/proj_single_cycle.srcs/sources_1/new/digit_display.v:1]
INFO: [Synth 8-226] default block is never used [D:/Study/2023-G2/labs/comp/proj_miniRV/proj_single_cycle/proj_single_cycle.srcs/sources_1/new/digit_display.v:117]
WARNING: [Synth 8-5788] Register disp_bit_reg in module digit_display is has both Set and reset with same priority. This may cause simulation mismatches. Consider rewriting code  [D:/Study/2023-G2/labs/comp/proj_miniRV/proj_single_cycle/proj_single_cycle.srcs/sources_1/new/digit_display.v:71]
INFO: [Synth 8-6155] done synthesizing module 'digit_display' (12#1) [D:/Study/2023-G2/labs/comp/proj_miniRV/proj_single_cycle/proj_single_cycle.srcs/sources_1/new/digit_display.v:1]
INFO: [Synth 8-6155] done synthesizing module 'miniRV_SoC' (13#1) [D:/Study/2023-G2/labs/comp/proj_miniRV/proj_single_cycle/proj_single_cycle.srcs/sources_1/new/miniRV_SoC.v:5]
---------------------------------------------------------------------------------
Finished RTL Elaboration : Time (s): cpu = 00:00:02 ; elapsed = 00:00:05 . Memory (MB): peak = 1050.910 ; gain = 308.383
---------------------------------------------------------------------------------

Report Check Netlist: 
+------+------------------+-------+---------+-------+------------------+
|      |Item              |Errors |Warnings |Status |Description       |
+------+------------------+-------+---------+-------+------------------+
|1     |multi_driven_nets |      0|        0|Passed |Multi driven nets |
+------+------------------+-------+---------+-------+------------------+
---------------------------------------------------------------------------------
Start Handling Custom Attributes
---------------------------------------------------------------------------------
---------------------------------------------------------------------------------
Finished Handling Custom Attributes : Time (s): cpu = 00:00:02 ; elapsed = 00:00:05 . Memory (MB): peak = 1050.910 ; gain = 308.383
---------------------------------------------------------------------------------
---------------------------------------------------------------------------------
Finished RTL Optimization Phase 1 : Time (s): cpu = 00:00:02 ; elapsed = 00:00:05 . Memory (MB): peak = 1050.910 ; gain = 308.383
---------------------------------------------------------------------------------
Netlist sorting complete. Time (s): cpu = 00:00:00 ; elapsed = 00:00:00.021 . Memory (MB): peak = 1050.910 ; gain = 0.000
INFO: [Project 1-570] Preparing netlist for logic optimization

Processing XDC Constraints
Initializing timing engine
Parsing XDC File [d:/Study/2023-G2/labs/comp/proj_miniRV/proj_single_cycle/proj_single_cycle.srcs/sources_1/ip/cpuclk/cpuclk/cpuclk_in_context.xdc] for cell 'Clkgen'
Finished Parsing XDC File [d:/Study/2023-G2/labs/comp/proj_miniRV/proj_single_cycle/proj_single_cycle.srcs/sources_1/ip/cpuclk/cpuclk/cpuclk_in_context.xdc] for cell 'Clkgen'
Parsing XDC File [d:/Study/2023-G2/labs/comp/proj_miniRV/proj_single_cycle/proj_single_cycle.srcs/sources_1/ip/DRAM/DRAM/DRAM_in_context.xdc] for cell 'Mem_DRAM'
Finished Parsing XDC File [d:/Study/2023-G2/labs/comp/proj_miniRV/proj_single_cycle/proj_single_cycle.srcs/sources_1/ip/DRAM/DRAM/DRAM_in_context.xdc] for cell 'Mem_DRAM'
Parsing XDC File [d:/Study/2023-G2/labs/comp/proj_miniRV/proj_single_cycle/proj_single_cycle.srcs/sources_1/ip/IROM/IROM/IROM_in_context.xdc] for cell 'Mem_IROM'
Finished Parsing XDC File [d:/Study/2023-G2/labs/comp/proj_miniRV/proj_single_cycle/proj_single_cycle.srcs/sources_1/ip/IROM/IROM/IROM_in_context.xdc] for cell 'Mem_IROM'
Parsing XDC File [D:/Study/2023-G2/labs/comp/proj_miniRV/proj_single_cycle/proj_single_cycle.srcs/constrs_1/new/miniRV_clock.xdc]
WARNING: [Constraints 18-619] A clock with name 'fpga_clk' already exists, overwriting the previous clock with the same name. [D:/Study/2023-G2/labs/comp/proj_miniRV/proj_single_cycle/proj_single_cycle.srcs/constrs_1/new/miniRV_clock.xdc:2]
Finished Parsing XDC File [D:/Study/2023-G2/labs/comp/proj_miniRV/proj_single_cycle/proj_single_cycle.srcs/constrs_1/new/miniRV_clock.xdc]
Parsing XDC File [D:/Study/2023-G2/labs/comp/proj_miniRV/proj_single_cycle/proj_single_cycle.srcs/constrs_1/new/miniRV_SoC.xdc]
Finished Parsing XDC File [D:/Study/2023-G2/labs/comp/proj_miniRV/proj_single_cycle/proj_single_cycle.srcs/constrs_1/new/miniRV_SoC.xdc]
INFO: [Project 1-236] Implementation specific constraints were found while reading constraint file [D:/Study/2023-G2/labs/comp/proj_miniRV/proj_single_cycle/proj_single_cycle.srcs/constrs_1/new/miniRV_SoC.xdc]. These constraints will be ignored for synthesis but will be used in implementation. Impacted constraints are listed in the file [.Xil/miniRV_SoC_propImpl.xdc].
Resolution: To avoid this warning, move constraints listed in [.Xil/miniRV_SoC_propImpl.xdc] to another XDC file and exclude this new file from synthesis with the used_in_synthesis property (File Properties dialog in GUI) and re-run elaboration/synthesis.
Completed Processing XDC Constraints

Netlist sorting complete. Time (s): cpu = 00:00:00 ; elapsed = 00:00:00 . Memory (MB): peak = 1158.492 ; gain = 0.000
INFO: [Project 1-111] Unisim Transformation Summary:
No Unisim elements were transformed.

Constraint Validation Runtime : Time (s): cpu = 00:00:00 ; elapsed = 00:00:00.005 . Memory (MB): peak = 1158.492 ; gain = 0.000
---------------------------------------------------------------------------------
Finished Constraint Validation : Time (s): cpu = 00:00:05 ; elapsed = 00:00:11 . Memory (MB): peak = 1158.492 ; gain = 415.965
---------------------------------------------------------------------------------
---------------------------------------------------------------------------------
Start Loading Part and Timing Information
---------------------------------------------------------------------------------
Loading part: xc7a100tfgg484-1
---------------------------------------------------------------------------------
Finished Loading Part and Timing Information : Time (s): cpu = 00:00:05 ; elapsed = 00:00:11 . Memory (MB): peak = 1158.492 ; gain = 415.965
---------------------------------------------------------------------------------
---------------------------------------------------------------------------------
Start Applying 'set_property' XDC Constraints
---------------------------------------------------------------------------------
Applied set_property IO_BUFFER_TYPE = NONE for fpga_clk. (constraint file  d:/Study/2023-G2/labs/comp/proj_miniRV/proj_single_cycle/proj_single_cycle.srcs/sources_1/ip/cpuclk/cpuclk/cpuclk_in_context.xdc, line 3).
Applied set_property CLOCK_BUFFER_TYPE = NONE for fpga_clk. (constraint file  d:/Study/2023-G2/labs/comp/proj_miniRV/proj_single_cycle/proj_single_cycle.srcs/sources_1/ip/cpuclk/cpuclk/cpuclk_in_context.xdc, line 4).
Applied set_property DONT_TOUCH = true for Clkgen. (constraint file  auto generated constraint, line ).
Applied set_property DONT_TOUCH = true for Mem_DRAM. (constraint file  auto generated constraint, line ).
Applied set_property DONT_TOUCH = true for Mem_IROM. (constraint file  auto generated constraint, line ).
---------------------------------------------------------------------------------
Finished applying 'set_property' XDC Constraints : Time (s): cpu = 00:00:05 ; elapsed = 00:00:11 . Memory (MB): peak = 1158.492 ; gain = 415.965
---------------------------------------------------------------------------------
INFO: [Synth 8-5818] HDL ADVISOR - The operator resource <adder> is shared. To prevent sharing consider applying a KEEP on the output of the operator [D:/Study/2023-G2/labs/comp/proj_miniRV/proj_single_cycle/proj_single_cycle.srcs/sources_1/new/ALU.v:30]
INFO: [Synth 8-5546] ROM "alu_op" won't be mapped to RAM because it is too sparse
---------------------------------------------------------------------------------
Finished RTL Optimization Phase 2 : Time (s): cpu = 00:00:06 ; elapsed = 00:00:12 . Memory (MB): peak = 1158.492 ; gain = 415.965
---------------------------------------------------------------------------------

Report RTL Partitions: 
+-+--------------+------------+----------+
| |RTL Partition |Replication |Instances |
+-+--------------+------------+----------+
+-+--------------+------------+----------+
---------------------------------------------------------------------------------
Start RTL Component Statistics 
---------------------------------------------------------------------------------
Detailed RTL Component Info : 
+---Adders : 
	   2 Input     32 Bit       Adders := 2     
	   3 Input     32 Bit       Adders := 1     
	   2 Input      8 Bit       Adders := 1     
+---XORs : 
	   2 Input     32 Bit         XORs := 1     
+---Registers : 
	               32 Bit    Registers := 3     
	               24 Bit    Registers := 1     
	                8 Bit    Registers := 1     
	                4 Bit    Registers := 1     
	                1 Bit    Registers := 10    
+---Muxes : 
	   2 Input     32 Bit        Muxes := 7     
	   4 Input     32 Bit        Muxes := 3     
	  10 Input     32 Bit        Muxes := 1     
	   2 Input      8 Bit        Muxes := 1     
	   5 Input      4 Bit        Muxes := 1     
	   3 Input      4 Bit        Muxes := 2     
	   2 Input      4 Bit        Muxes := 6     
	   7 Input      4 Bit        Muxes := 1     
	   8 Input      3 Bit        Muxes := 1     
	   2 Input      3 Bit        Muxes := 1     
	   3 Input      3 Bit        Muxes := 1     
	   2 Input      2 Bit        Muxes := 2     
	   4 Input      2 Bit        Muxes := 1     
	   3 Input      2 Bit        Muxes := 2     
	   2 Input      1 Bit        Muxes := 10    
	   8 Input      1 Bit        Muxes := 8     
	  16 Input      1 Bit        Muxes := 7     
---------------------------------------------------------------------------------
Finished RTL Component Statistics 
---------------------------------------------------------------------------------
---------------------------------------------------------------------------------
Start RTL Hierarchical Component Statistics 
---------------------------------------------------------------------------------
Hierarchical RTL Component report 
Module miniRV_SoC 
Detailed RTL Component Info : 
+---Registers : 
	               24 Bit    Registers := 1     
Module PC 
Detailed RTL Component Info : 
+---Registers : 
	               32 Bit    Registers := 2     
	                1 Bit    Registers := 1     
+---Muxes : 
	   2 Input     32 Bit        Muxes := 2     
Module NPC 
Detailed RTL Component Info : 
+---Adders : 
	   2 Input     32 Bit       Adders := 2     
+---Muxes : 
	   4 Input     32 Bit        Muxes := 1     
	   2 Input     32 Bit        Muxes := 1     
Module RF 
Detailed RTL Component Info : 
+---Muxes : 
	   4 Input     32 Bit        Muxes := 1     
	   2 Input     32 Bit        Muxes := 3     
Module ALU 
Detailed RTL Component Info : 
+---Adders : 
	   3 Input     32 Bit       Adders := 1     
+---XORs : 
	   2 Input     32 Bit         XORs := 1     
+---Muxes : 
	   2 Input     32 Bit        Muxes := 1     
	  10 Input     32 Bit        Muxes := 1     
	   2 Input      1 Bit        Muxes := 2     
Module Controller 
Detailed RTL Component Info : 
+---Muxes : 
	   5 Input      4 Bit        Muxes := 1     
	   3 Input      4 Bit        Muxes := 2     
	   2 Input      4 Bit        Muxes := 5     
	   7 Input      4 Bit        Muxes := 1     
	   8 Input      3 Bit        Muxes := 1     
	   2 Input      3 Bit        Muxes := 1     
	   3 Input      3 Bit        Muxes := 1     
	   2 Input      2 Bit        Muxes := 2     
	   4 Input      2 Bit        Muxes := 1     
	   3 Input      2 Bit        Muxes := 2     
Module Bridge 
Detailed RTL Component Info : 
+---Muxes : 
	   4 Input     32 Bit        Muxes := 1     
Module digit_display 
Detailed RTL Component Info : 
+---Adders : 
	   2 Input      8 Bit       Adders := 1     
+---Registers : 
	               32 Bit    Registers := 1     
	                8 Bit    Registers := 1     
	                4 Bit    Registers := 1     
	                1 Bit    Registers := 9     
+---Muxes : 
	   2 Input      8 Bit        Muxes := 1     
	   2 Input      4 Bit        Muxes := 1     
	   2 Input      1 Bit        Muxes := 8     
	   8 Input      1 Bit        Muxes := 8     
	  16 Input      1 Bit        Muxes := 7     
---------------------------------------------------------------------------------
Finished RTL Hierarchical Component Statistics
---------------------------------------------------------------------------------
---------------------------------------------------------------------------------
Start Part Resource Summary
---------------------------------------------------------------------------------
Part Resources:
DSPs: 240 (col length:80)
BRAMs: 270 (col length: RAMB18 80 RAMB36 40)
---------------------------------------------------------------------------------
Finished Part Resource Summary
---------------------------------------------------------------------------------
---------------------------------------------------------------------------------
Start Cross Boundary and Area Optimization
---------------------------------------------------------------------------------
Warning: Parallel synthesis criteria is not met 
INFO: [Synth 8-5546] ROM "alu_op" won't be mapped to RAM because it is too sparse
WARNING: [Synth 8-3917] design miniRV_SoC has port DN_DP driven by constant 1
INFO: [Synth 8-3886] merging instance 'i_1/u_digit_display/div_cnt_reg[28]' (FDC) to 'i_1/u_digit_display/div_cnt_reg[11]'
INFO: [Synth 8-3886] merging instance 'i_1/u_digit_display/div_cnt_reg[25]' (FDC) to 'i_1/u_digit_display/div_cnt_reg[11]'
INFO: [Synth 8-3886] merging instance 'i_1/u_digit_display/div_cnt_reg[16]' (FDC) to 'i_1/u_digit_display/div_cnt_reg[11]'
INFO: [Synth 8-3886] merging instance 'i_1/u_digit_display/div_cnt_reg[15]' (FDC) to 'i_1/u_digit_display/div_cnt_reg[11]'
INFO: [Synth 8-3886] merging instance 'i_1/u_digit_display/div_cnt_reg[26]' (FDC) to 'i_1/u_digit_display/div_cnt_reg[11]'
INFO: [Synth 8-3886] merging instance 'i_1/u_digit_display/div_cnt_reg[13]' (FDC) to 'i_1/u_digit_display/div_cnt_reg[11]'
INFO: [Synth 8-3886] merging instance 'i_1/u_digit_display/div_cnt_reg[14]' (FDC) to 'i_1/u_digit_display/div_cnt_reg[11]'
INFO: [Synth 8-3886] merging instance 'i_1/u_digit_display/div_cnt_reg[11]' (FDC) to 'i_1/u_digit_display/div_cnt_reg[12]'
INFO: [Synth 8-3886] merging instance 'i_1/u_digit_display/div_cnt_reg[22]' (FDC) to 'i_1/u_digit_display/div_cnt_reg[12]'
INFO: [Synth 8-3886] merging instance 'i_1/u_digit_display/div_cnt_reg[12]' (FDC) to 'i_1/u_digit_display/div_cnt_reg[17]'
INFO: [Synth 8-3886] merging instance 'i_1/u_digit_display/div_cnt_reg[31]' (FDC) to 'i_1/u_digit_display/div_cnt_reg[17]'
INFO: [Synth 8-3886] merging instance 'i_1/u_digit_display/div_cnt_reg[27]' (FDC) to 'i_1/u_digit_display/div_cnt_reg[17]'
INFO: [Synth 8-3886] merging instance 'i_1/u_digit_display/div_cnt_reg[21]' (FDC) to 'i_1/u_digit_display/div_cnt_reg[17]'
INFO: [Synth 8-3886] merging instance 'i_1/u_digit_display/div_cnt_reg[23]' (FDC) to 'i_1/u_digit_display/div_cnt_reg[17]'
INFO: [Synth 8-3886] merging instance 'i_1/u_digit_display/div_cnt_reg[20]' (FDC) to 'i_1/u_digit_display/div_cnt_reg[17]'
INFO: [Synth 8-3886] merging instance 'i_1/u_digit_display/div_cnt_reg[19]' (FDC) to 'i_1/u_digit_display/div_cnt_reg[17]'
INFO: [Synth 8-3886] merging instance 'i_1/u_digit_display/div_cnt_reg[18]' (FDC) to 'i_1/u_digit_display/div_cnt_reg[17]'
INFO: [Synth 8-3886] merging instance 'i_1/u_digit_display/div_cnt_reg[29]' (FDC) to 'i_1/u_digit_display/div_cnt_reg[17]'
INFO: [Synth 8-3886] merging instance 'i_1/u_digit_display/div_cnt_reg[17]' (FDC) to 'i_1/u_digit_display/div_cnt_reg[24]'
INFO: [Synth 8-3886] merging instance 'i_1/u_digit_display/div_cnt_reg[30]' (FDC) to 'i_1/u_digit_display/div_cnt_reg[24]'
INFO: [Synth 8-3333] propagating constant 0 across sequential element (i_1/\u_digit_display/div_cnt_reg[24] )
INFO: [Synth 8-3886] merging instance 'i_1/u_digit_display/disp_bit_reg[5]' (FDE) to 'i_1/u_digit_display/disp_bit_reg[3]'
INFO: [Synth 8-3886] merging instance 'i_1/u_digit_display/disp_bit_reg[7]' (FDE) to 'i_1/u_digit_display/disp_bit_reg[3]'
INFO: [Synth 8-3886] merging instance 'i_1/u_digit_display/disp_bit_reg[6]' (FDE) to 'i_1/u_digit_display/disp_bit_reg[3]'
INFO: [Synth 8-3886] merging instance 'i_1/u_digit_display/disp_bit_reg[3]' (FDE) to 'i_1/u_digit_display/disp_bit_reg[4]'
INFO: [Synth 8-3333] propagating constant 0 across sequential element (i_1/\u_digit_display/disp_bit_reg[4] )
---------------------------------------------------------------------------------
Finished Cross Boundary and Area Optimization : Time (s): cpu = 00:00:12 ; elapsed = 00:00:25 . Memory (MB): peak = 1158.492 ; gain = 415.965
---------------------------------------------------------------------------------
---------------------------------------------------------------------------------
Start ROM, RAM, DSP and Shift Register Reporting
---------------------------------------------------------------------------------

Distributed RAM: Preliminary Mapping	Report (see note below)
+------------+------------------------+-----------+----------------------+--------------+
|Module Name | RTL Object             | Inference | Size (Depth x Width) | Primitives   | 
+------------+------------------------+-----------+----------------------+--------------+
|miniRV_SoC  | Core_cpu/u_RF/regs_reg | Implied   | 32 x 32              | RAM32M x 12	 | 
+------------+------------------------+-----------+----------------------+--------------+

Note: The table above is a preliminary report that shows the Distributed RAMs at the current stage of the synthesis flow. Some Distributed RAMs may be reimplemented as non Distributed RAM primitives later in the synthesis flow. Multiple instantiated RAMs are reported only once.
---------------------------------------------------------------------------------
Finished ROM, RAM, DSP and Shift Register Reporting
---------------------------------------------------------------------------------

Report RTL Partitions: 
+-+--------------+------------+----------+
| |RTL Partition |Replication |Instances |
+-+--------------+------------+----------+
+-+--------------+------------+----------+
---------------------------------------------------------------------------------
Start Applying XDC Timing Constraints
---------------------------------------------------------------------------------
WARNING: [Synth 8-565] redefining clock 'fpga_clk'
---------------------------------------------------------------------------------
Finished Applying XDC Timing Constraints : Time (s): cpu = 00:00:15 ; elapsed = 00:00:30 . Memory (MB): peak = 1158.492 ; gain = 415.965
---------------------------------------------------------------------------------
---------------------------------------------------------------------------------
Start Timing Optimization
---------------------------------------------------------------------------------
---------------------------------------------------------------------------------
Finished Timing Optimization : Time (s): cpu = 00:00:21 ; elapsed = 00:00:43 . Memory (MB): peak = 1390.449 ; gain = 647.922
---------------------------------------------------------------------------------
---------------------------------------------------------------------------------
Start ROM, RAM, DSP and Shift Register Reporting
---------------------------------------------------------------------------------

Distributed RAM: Final Mapping	Report
+------------+------------------------+-----------+----------------------+--------------+
|Module Name | RTL Object             | Inference | Size (Depth x Width) | Primitives   | 
+------------+------------------------+-----------+----------------------+--------------+
|miniRV_SoC  | Core_cpu/u_RF/regs_reg | Implied   | 32 x 32              | RAM32M x 12	 | 
+------------+------------------------+-----------+----------------------+--------------+

---------------------------------------------------------------------------------
Finished ROM, RAM, DSP and Shift Register Reporting
---------------------------------------------------------------------------------

Report RTL Partitions: 
+-+--------------+------------+----------+
| |RTL Partition |Replication |Instances |
+-+--------------+------------+----------+
+-+--------------+------------+----------+
---------------------------------------------------------------------------------
Start Technology Mapping
---------------------------------------------------------------------------------
---------------------------------------------------------------------------------
Finished Technology Mapping : Time (s): cpu = 00:00:22 ; elapsed = 00:00:44 . Memory (MB): peak = 1390.449 ; gain = 647.922
---------------------------------------------------------------------------------

Report RTL Partitions: 
+-+--------------+------------+----------+
| |RTL Partition |Replication |Instances |
+-+--------------+------------+----------+
+-+--------------+------------+----------+
---------------------------------------------------------------------------------
Start IO Insertion
---------------------------------------------------------------------------------
---------------------------------------------------------------------------------
Start Flattening Before IO Insertion
---------------------------------------------------------------------------------
---------------------------------------------------------------------------------
Finished Flattening Before IO Insertion
---------------------------------------------------------------------------------
---------------------------------------------------------------------------------
Start Final Netlist Cleanup
---------------------------------------------------------------------------------
---------------------------------------------------------------------------------
Finished Final Netlist Cleanup
---------------------------------------------------------------------------------
---------------------------------------------------------------------------------
Finished IO Insertion : Time (s): cpu = 00:00:23 ; elapsed = 00:00:47 . Memory (MB): peak = 1390.449 ; gain = 647.922
---------------------------------------------------------------------------------
---------------------------------------------------------------------------------
Start Renaming Generated Instances
---------------------------------------------------------------------------------
---------------------------------------------------------------------------------
Finished Renaming Generated Instances : Time (s): cpu = 00:00:23 ; elapsed = 00:00:47 . Memory (MB): peak = 1390.449 ; gain = 647.922
---------------------------------------------------------------------------------

Report RTL Partitions: 
+-+--------------+------------+----------+
| |RTL Partition |Replication |Instances |
+-+--------------+------------+----------+
+-+--------------+------------+----------+

Report Check Netlist: 
+------+------------------+-------+---------+-------+------------------+
|      |Item              |Errors |Warnings |Status |Description       |
+------+------------------+-------+---------+-------+------------------+
|1     |multi_driven_nets |      0|        0|Passed |Multi driven nets |
+------+------------------+-------+---------+-------+------------------+
---------------------------------------------------------------------------------
Start Rebuilding User Hierarchy
---------------------------------------------------------------------------------
---------------------------------------------------------------------------------
Finished Rebuilding User Hierarchy : Time (s): cpu = 00:00:23 ; elapsed = 00:00:47 . Memory (MB): peak = 1390.449 ; gain = 647.922
---------------------------------------------------------------------------------
---------------------------------------------------------------------------------
Start Renaming Generated Ports
---------------------------------------------------------------------------------
---------------------------------------------------------------------------------
Finished Renaming Generated Ports : Time (s): cpu = 00:00:23 ; elapsed = 00:00:47 . Memory (MB): peak = 1390.449 ; gain = 647.922
---------------------------------------------------------------------------------
---------------------------------------------------------------------------------
Start Handling Custom Attributes
---------------------------------------------------------------------------------
---------------------------------------------------------------------------------
Finished Handling Custom Attributes : Time (s): cpu = 00:00:23 ; elapsed = 00:00:47 . Memory (MB): peak = 1390.449 ; gain = 647.922
---------------------------------------------------------------------------------
---------------------------------------------------------------------------------
Start Renaming Generated Nets
---------------------------------------------------------------------------------
---------------------------------------------------------------------------------
Finished Renaming Generated Nets : Time (s): cpu = 00:00:23 ; elapsed = 00:00:47 . Memory (MB): peak = 1390.449 ; gain = 647.922
---------------------------------------------------------------------------------
---------------------------------------------------------------------------------
Start Writing Synthesis Report
---------------------------------------------------------------------------------

Report BlackBoxes: 
+------+--------------+----------+
|      |BlackBox name |Instances |
+------+--------------+----------+
|1     |cpuclk        |         1|
|2     |IROM          |         1|
|3     |DRAM          |         1|
+------+--------------+----------+

Report Cell Usage: 
+------+-------+------+
|      |Cell   |Count |
+------+-------+------+
|1     |DRAM   |     1|
|2     |IROM   |     1|
|3     |cpuclk |     1|
|4     |BUFG   |     1|
|5     |CARRY4 |    34|
|6     |LUT1   |     6|
|7     |LUT2   |    73|
|8     |LUT3   |    45|
|9     |LUT4   |   138|
|10    |LUT5   |   124|
|11    |LUT6   |   630|
|12    |MUXF7  |    10|
|13    |RAM32M |    12|
|14    |FDCE   |   136|
|15    |FDPE   |     8|
|16    |FDRE   |     4|
|17    |IBUF   |    30|
|18    |OBUF   |    40|
+------+-------+------+

Report Instance Areas: 
+------+------------------+--------------+------+
|      |Instance          |Module        |Cells |
+------+------------------+--------------+------+
|1     |top               |              |  1357|
|2     |  Core_cpu        |myCPU         |  1088|
|3     |    u_ALU         |ALU           |    32|
|4     |    u_NPC         |NPC           |    65|
|5     |    u_PC          |PC            |   163|
|6     |    u_RF          |RF            |   828|
|7     |  u_digit_display |digit_display |   107|
+------+------------------+--------------+------+
---------------------------------------------------------------------------------
Finished Writing Synthesis Report : Time (s): cpu = 00:00:23 ; elapsed = 00:00:47 . Memory (MB): peak = 1390.449 ; gain = 647.922
---------------------------------------------------------------------------------
Synthesis finished with 0 errors, 0 critical warnings and 2 warnings.
Synthesis Optimization Runtime : Time (s): cpu = 00:00:21 ; elapsed = 00:00:44 . Memory (MB): peak = 1390.449 ; gain = 540.340
Synthesis Optimization Complete : Time (s): cpu = 00:00:24 ; elapsed = 00:00:47 . Memory (MB): peak = 1390.449 ; gain = 647.922
INFO: [Project 1-571] Translating synthesized netlist
Netlist sorting complete. Time (s): cpu = 00:00:00 ; elapsed = 00:00:00.020 . Memory (MB): peak = 1390.449 ; gain = 0.000
INFO: [Netlist 29-17] Analyzing 56 Unisim elements for replacement
INFO: [Netlist 29-28] Unisim Transformation completed in 0 CPU seconds
INFO: [Project 1-570] Preparing netlist for logic optimization
INFO: [Opt 31-138] Pushed 0 inverter(s) to 0 load pin(s).
Netlist sorting complete. Time (s): cpu = 00:00:00 ; elapsed = 00:00:00 . Memory (MB): peak = 1390.449 ; gain = 0.000
INFO: [Project 1-111] Unisim Transformation Summary:
  A total of 12 instances were transformed.
  RAM32M => RAM32M (RAMD32(x6), RAMS32(x2)): 12 instances

INFO: [Common 17-83] Releasing license: Synthesis
68 Infos, 8 Warnings, 0 Critical Warnings and 0 Errors encountered.
synth_design completed successfully
synth_design: Time (s): cpu = 00:00:26 ; elapsed = 00:00:53 . Memory (MB): peak = 1390.449 ; gain = 933.891
Netlist sorting complete. Time (s): cpu = 00:00:00 ; elapsed = 00:00:00 . Memory (MB): peak = 1390.449 ; gain = 0.000
WARNING: [Constraints 18-5210] No constraints selected for write.
Resolution: This message can indicate that there are no constraints for the design, or it can indicate that the used_in flags are set such that the constraints are ignored. This later case is used when running synth_design to not write synthesis constraints to the resulting checkpoint. Instead, project constraints are read when the synthesized design is opened.
INFO: [Common 17-1381] The checkpoint 'D:/Study/2023-G2/labs/comp/proj_miniRV/proj_single_cycle/proj_single_cycle.runs/synth_1/miniRV_SoC.dcp' has been generated.
INFO: [runtcl-4] Executing : report_utilization -file miniRV_SoC_utilization_synth.rpt -pb miniRV_SoC_utilization_synth.pb
INFO: [Common 17-206] Exiting Vivado at Wed Jul 12 14:55:57 2023...
